Added Component: Designator=C1(CAPC3225[1210]X120)
Added Component: Designator=C2(CAPC1608[0603]X80)
Added Component: Designator=C3(CAPC1608[0603]X80)
Added Component: Designator=C4(CAPC3225[1210]X120)
Added Component: Designator=C5(CAPC3225[1210]X120)
Added Component: Designator=C6(CAPC1608[0603]X80)
Added Component: Designator=C7(CAPC1608[0603]X80)
Added Component: Designator=C8(CAPC3225[1210]X120)
Added Component: Designator=C9(CAPC1608[0603]X80)
Added Component: Designator=C10(CAPC1608[0603]X80)
Added Component: Designator=C11(CAPC1608[0603]X80)
Added Component: Designator=C12(CAPC1608[0603]X80)
Added Component: Designator=C13(CAPC1608[0603]X80)
Added Component: Designator=C14(CAPC1608[0603]X80)
Added Component: Designator=C15(CAPC3225[1210]X120)
Added Component: Designator=C16(CAPC1608[0603]X80)
Added Component: Designator=C17(CAPC1608[0603]X80)
Added Component: Designator=C18(CAPC3225[1210]X120)
Added Component: Designator=R1(RESC1608[0603]X50)
Added Component: Designator=R2(RESC1608[0603]X50)
Added Component: Designator=R3(RESC1608[0603]X50)
Added Component: Designator=R4(RESC1608[0603]X50)
Added Component: Designator=R5(RESC1608[0603]X50)
Added Component: Designator=R6(RESC1608[0603]X50)
Added Component: Designator=R7(RESC1608[0603]X50)
Added Component: Designator=R8(RESC1608[0603]X50)
Added Component: Designator=R9(RESC1608[0603]X50)
Added Component: Designator=R10(RESC1608[0603]X50)
Added Component: Designator=R11(RESC1608[0603]X50)
Added Component: Designator=R12(RESC1608[0603]X50)
Added Component: Designator=R13(RESC1608[0603]X50)
Added Component: Designator=U1(16 LEAD QFN)
Added Component: Designator=U2(TSSOP10)
Added Component: Designator=X1(Header_2.0mm_4Kontakte_1Reihe)
Added Component: Designator=X2(Loch)
Added Component: Designator=X3(Loch)
Added Component: Designator=X4(Loch)
Added Component: Designator=X5(Loch)
Added Component: Designator=X6(Loch)
Added Component: Designator=X7(Loch)
Added Component: Designator=X8(Loch)
Added Component: Designator=X9(Loch)
Added Component: Designator=X10(Loch)
Added Component: Designator=X11(Loch)
Added Component: Designator=X12(Loch)
Added Component: Designator=X13(Loch)
Added Component: Designator=X14(Loch)
Added Component: Designator=X15(Loch)
Added Component: Designator=X16(Loch)
Added Component: Designator=X17(Loch)
Added Component: Designator=X18(Loch)
Added Component: Designator=X19(Loch)
Added Component: Designator=X20(Loch)
Added Component: Designator=X21(Loch)
Added Component: Designator=X22(Loch)
Added Component: Designator=X23(Loch)
Added Component: Designator=X24(Loch)
Added Component: Designator=X25(Loch)
Added Component: Designator=X26(Loch)
Added Pin To Net: NetName=3V3 Pin=C1-2
Added Pin To Net: NetName=3V3 Pin=C2-2
Added Pin To Net: NetName=3V3 Pin=C5-2
Added Pin To Net: NetName=3V3 Pin=C6-2
Added Pin To Net: NetName=3V3 Pin=C9-2
Added Pin To Net: NetName=3V3 Pin=C10-2
Added Pin To Net: NetName=3V3 Pin=C11-2
Added Pin To Net: NetName=3V3 Pin=C12-2
Added Pin To Net: NetName=3V3 Pin=C13-2
Added Pin To Net: NetName=3V3 Pin=C15-2
Added Pin To Net: NetName=3V3 Pin=C16-2
Added Pin To Net: NetName=3V3 Pin=R1-2
Added Pin To Net: NetName=3V3 Pin=R2-2
Added Pin To Net: NetName=3V3 Pin=R3-2
Added Pin To Net: NetName=3V3 Pin=R5-2
Added Pin To Net: NetName=3V3 Pin=R6-1
Added Pin To Net: NetName=3V3 Pin=R9-2
Added Pin To Net: NetName=3V3 Pin=R10-2
Added Pin To Net: NetName=3V3 Pin=U1-1
Added Pin To Net: NetName=3V3 Pin=U1-14
Added Pin To Net: NetName=3V3 Pin=U2-1
Added Pin To Net: NetName=3V3 Pin=U2-10
Added Pin To Net: NetName=3V3 Pin=X3-1
Added Pin To Net: NetName=3V3 Pin=X10-1
Added Pin To Net: NetName=3V3 Pin=X19-1
Added Net: Name=3V3
Added Pin To Net: NetName=5V Pin=C3-2
Added Pin To Net: NetName=5V Pin=C4-2
Added Pin To Net: NetName=5V Pin=C7-2
Added Pin To Net: NetName=5V Pin=C8-2
Added Pin To Net: NetName=5V Pin=C17-2
Added Pin To Net: NetName=5V Pin=C18-2
Added Pin To Net: NetName=5V Pin=X2-1
Added Pin To Net: NetName=5V Pin=X9-1
Added Pin To Net: NetName=5V Pin=X18-1
Added Net: Name=5V
Added Pin To Net: NetName=DSCLM Pin=R12-1
Added Pin To Net: NetName=DSCLM Pin=R13-2
Added Pin To Net: NetName=DSCLM Pin=U2-6
Added Pin To Net: NetName=DSCLM Pin=X14-1
Added Pin To Net: NetName=DSCLM Pin=X23-1
Added Net: Name=DSCLM
Added Pin To Net: NetName=DSCLP Pin=R10-1
Added Pin To Net: NetName=DSCLP Pin=R12-2
Added Pin To Net: NetName=DSCLP Pin=U2-7
Added Pin To Net: NetName=DSCLP Pin=X13-1
Added Pin To Net: NetName=DSCLP Pin=X22-1
Added Net: Name=DSCLP
Added Pin To Net: NetName=DSDAM Pin=R4-1
Added Pin To Net: NetName=DSDAM Pin=R7-2
Added Pin To Net: NetName=DSDAM Pin=U2-9
Added Pin To Net: NetName=DSDAM Pin=X12-1
Added Pin To Net: NetName=DSDAM Pin=X20-1
Added Net: Name=DSDAM
Added Pin To Net: NetName=DSDAP Pin=R3-1
Added Pin To Net: NetName=DSDAP Pin=R4-2
Added Pin To Net: NetName=DSDAP Pin=U2-8
Added Pin To Net: NetName=DSDAP Pin=X11-1
Added Pin To Net: NetName=DSDAP Pin=X21-1
Added Net: Name=DSDAP
Added Pin To Net: NetName=GND Pin=C1-1
Added Pin To Net: NetName=GND Pin=C2-1
Added Pin To Net: NetName=GND Pin=C3-1
Added Pin To Net: NetName=GND Pin=C4-1
Added Pin To Net: NetName=GND Pin=C5-1
Added Pin To Net: NetName=GND Pin=C6-1
Added Pin To Net: NetName=GND Pin=C7-1
Added Pin To Net: NetName=GND Pin=C8-1
Added Pin To Net: NetName=GND Pin=C9-1
Added Pin To Net: NetName=GND Pin=C10-1
Added Pin To Net: NetName=GND Pin=C11-1
Added Pin To Net: NetName=GND Pin=C12-1
Added Pin To Net: NetName=GND Pin=C13-1
Added Pin To Net: NetName=GND Pin=C14-1
Added Pin To Net: NetName=GND Pin=C15-1
Added Pin To Net: NetName=GND Pin=C16-1
Added Pin To Net: NetName=GND Pin=C17-1
Added Pin To Net: NetName=GND Pin=C18-1
Added Pin To Net: NetName=GND Pin=R7-1
Added Pin To Net: NetName=GND Pin=R8-2
Added Pin To Net: NetName=GND Pin=R11-2
Added Pin To Net: NetName=GND Pin=R13-1
Added Pin To Net: NetName=GND Pin=U1-3
Added Pin To Net: NetName=GND Pin=U1-5
Added Pin To Net: NetName=GND Pin=U1-12
Added Pin To Net: NetName=GND Pin=U1-13
Added Pin To Net: NetName=GND Pin=U1-16
Added Pin To Net: NetName=GND Pin=U2-5
Added Pin To Net: NetName=GND Pin=X8-1
Added Pin To Net: NetName=GND Pin=X15-1
Added Pin To Net: NetName=GND Pin=X24-1
Added Net: Name=GND
Added Pin To Net: NetName=INT1 Pin=U1-11
Added Pin To Net: NetName=INT1 Pin=X6-1
Added Pin To Net: NetName=INT1 Pin=X16-1
Added Pin To Net: NetName=INT1 Pin=X25-1
Added Net: Name=INT1
Added Pin To Net: NetName=INT2 Pin=U1-9
Added Pin To Net: NetName=INT2 Pin=X7-1
Added Pin To Net: NetName=INT2 Pin=X17-1
Added Pin To Net: NetName=INT2 Pin=X26-1
Added Net: Name=INT2
Added Pin To Net: NetName=NetC14_2 Pin=C14-2
Added Pin To Net: NetName=NetC14_2 Pin=U1-2
Added Net: Name=NetC14_2
Added Pin To Net: NetName=NetR5_1 Pin=R5-1
Added Pin To Net: NetName=NetR5_1 Pin=R8-1
Added Pin To Net: NetName=NetR5_1 Pin=U1-7
Added Net: Name=NetR5_1
Added Pin To Net: NetName=NetR6_2 Pin=R6-2
Added Pin To Net: NetName=NetR6_2 Pin=U2-3
Added Net: Name=NetR6_2
Added Pin To Net: NetName=NetR9_1 Pin=R9-1
Added Pin To Net: NetName=NetR9_1 Pin=R11-1
Added Pin To Net: NetName=NetR9_1 Pin=U1-10
Added Net: Name=NetR9_1
Added Pin To Net: NetName=SCL Pin=U1-4
Added Pin To Net: NetName=SCL Pin=U2-4
Added Pin To Net: NetName=SCL Pin=X5-1
Added Net: Name=SCL
Added Pin To Net: NetName=SDA Pin=R1-1
Added Pin To Net: NetName=SDA Pin=R2-1
Added Pin To Net: NetName=SDA Pin=U1-6
Added Pin To Net: NetName=SDA Pin=U2-2
Added Pin To Net: NetName=SDA Pin=X4-1
Added Net: Name=SDA
Added Class: Name=Sensorboard
Added Room: Name=Sensorboard
