Removed Pin From Net: NetName=SDA Pin=R1-1
Removed Pin From Net: NetName=SDA Pin=R2-1
Change Component Comment : Designator=R1 Old Comment=4k7 New Comment=100k
Change Component Comment : Designator=R2 Old Comment=4k7 New Comment=100k
Change Component Comment : Designator=R3 Old Comment=600 New Comment=390
Change Component Comment : Designator=R7 Old Comment=600 New Comment=390
Change Component Comment : Designator=R10 Old Comment=600 New Comment=390
Change Component Comment : Designator=R13 Old Comment=600 New Comment=390
Change Component Designator: OldDesignator=R3 NewDesignator=R5
Change Component Designator: OldDesignator=R4 NewDesignator=R6
Change Component Designator: OldDesignator=R5 NewDesignator=R7
Change Component Designator: OldDesignator=R6 NewDesignator=R8
Change Component Designator: OldDesignator=R7 NewDesignator=R9
Change Component Designator: OldDesignator=R8 NewDesignator=R10
Change Component Designator: OldDesignator=R9 NewDesignator=R12
Change Component Designator: OldDesignator=R10 NewDesignator=R11
Change Component Designator: OldDesignator=R11 NewDesignator=R13
Change Component Designator: OldDesignator=R12 NewDesignator=R14
Change Component Designator: OldDesignator=R13 NewDesignator=R15
Change Component Designator: OldDesignator=X3 NewDesignator=X1
Change Component Designator: OldDesignator=X4 NewDesignator=X2
Change Component Designator: OldDesignator=X5 NewDesignator=X3
Change Component Designator: OldDesignator=X6 NewDesignator=X4
Change Component Designator: OldDesignator=X7 NewDesignator=X5
Change Component Designator: OldDesignator=X8 NewDesignator=X6
Change Component Designator: OldDesignator=X9 NewDesignator=X7
Change Component Designator: OldDesignator=X10 NewDesignator=X8
Change Component Designator: OldDesignator=X11 NewDesignator=X9
Change Component Designator: OldDesignator=X12 NewDesignator=X10
Change Component Designator: OldDesignator=X13 NewDesignator=X11
Change Component Designator: OldDesignator=X14 NewDesignator=X12
Change Component Designator: OldDesignator=X15 NewDesignator=X13
Change Component Designator: OldDesignator=X16 NewDesignator=X14
Change Component Designator: OldDesignator=X17 NewDesignator=X15
Change Component Designator: OldDesignator=X18 NewDesignator=X16
Change Component Designator: OldDesignator=X19 NewDesignator=X17
Change Component Designator: OldDesignator=X20 NewDesignator=X18
Change Component Designator: OldDesignator=X21 NewDesignator=X19
Change Component Designator: OldDesignator=X22 NewDesignator=X20
Change Component Designator: OldDesignator=X23 NewDesignator=X21
Change Component Designator: OldDesignator=X24 NewDesignator=X22
Added Component: Designator=R3(RESC1005[0402]X35)
Added Component: Designator=R4(RESC1005[0402]X35)
Added Pin To Net: NetName=INT1 Pin=R1-1
Added Pin To Net: NetName=INT2 Pin=R2-1
Added Pin To Net: NetName=SDA Pin=R1-1
Added Pin To Net: NetName=3V3 Pin=R1-2
Added Pin To Net: NetName=SDA Pin=R2-1
Added Pin To Net: NetName=3V3 Pin=R2-2
Change Net Name : Old Net Name=NetR5_1 New Net Name=NetR7_1
Change Net Name : Old Net Name=NetR6_2 New Net Name=NetR8_2
Change Net Name : Old Net Name=NetR9_1 New Net Name=NetR12_1
Added Member To Class: ClassName=Sensorboard Member=Component C1 100uF
Added Member To Class: ClassName=Sensorboard Member=Component C2 100nF
Added Member To Class: ClassName=Sensorboard Member=Component C3 100uF
Added Member To Class: ClassName=Sensorboard Member=Component C4 100nF
Added Member To Class: ClassName=Sensorboard Member=Component C5 100nF
Added Member To Class: ClassName=Sensorboard Member=Component C6 100nF
Added Member To Class: ClassName=Sensorboard Member=Component C7 4.7uF
Added Member To Class: ClassName=Sensorboard Member=Component C8 100nF
Added Member To Class: ClassName=Sensorboard Member=Component C9 100nF
Added Member To Class: ClassName=Sensorboard Member=Component C10 100nF
Added Member To Class: ClassName=Sensorboard Member=Component C11 100uF
Added Member To Class: ClassName=Sensorboard Member=Component C12 100nF
Added Member To Class: ClassName=Sensorboard Member=Component R1 100k
Added Member To Class: ClassName=Sensorboard Member=Component R2 100k
Added Member To Class: ClassName=Sensorboard Member=Component R3 4k7
Added Member To Class: ClassName=Sensorboard Member=Component R4 4k7
Added Member To Class: ClassName=Sensorboard Member=Component R5 390
Added Member To Class: ClassName=Sensorboard Member=Component R6 120
Added Member To Class: ClassName=Sensorboard Member=Component R7 0
Added Member To Class: ClassName=Sensorboard Member=Component R8 100k
Added Member To Class: ClassName=Sensorboard Member=Component R9 390
Added Member To Class: ClassName=Sensorboard Member=Component R10 0
Added Member To Class: ClassName=Sensorboard Member=Component R11 390
Added Member To Class: ClassName=Sensorboard Member=Component R12 0
Added Member To Class: ClassName=Sensorboard Member=Component R13 0
Added Member To Class: ClassName=Sensorboard Member=Component R14 120
Added Member To Class: ClassName=Sensorboard Member=Component R15 390
Added Member To Class: ClassName=Sensorboard Member=Component U1 FXLS8471Q
Added Member To Class: ClassName=Sensorboard Member=Component U2 PCA9615
Added Member To Class: ClassName=Sensorboard Member=Component X1 Loch
Added Member To Class: ClassName=Sensorboard Member=Component X2 Loch
Added Member To Class: ClassName=Sensorboard Member=Component X3 Loch
Added Member To Class: ClassName=Sensorboard Member=Component X4 Loch
Added Member To Class: ClassName=Sensorboard Member=Component X5 Loch
Added Member To Class: ClassName=Sensorboard Member=Component X6 Loch
Added Member To Class: ClassName=Sensorboard Member=Component X7 Loch
Added Member To Class: ClassName=Sensorboard Member=Component X8 Loch
Added Member To Class: ClassName=Sensorboard Member=Component X9 Loch
Added Member To Class: ClassName=Sensorboard Member=Component X10 Loch
Added Member To Class: ClassName=Sensorboard Member=Component X11 Loch
Added Member To Class: ClassName=Sensorboard Member=Component X12 Loch
Added Member To Class: ClassName=Sensorboard Member=Component X13 Loch
Added Member To Class: ClassName=Sensorboard Member=Component X14 Loch
Added Member To Class: ClassName=Sensorboard Member=Component X15 Loch
Added Member To Class: ClassName=Sensorboard Member=Component X16 Loch
Added Member To Class: ClassName=Sensorboard Member=Component X17 Loch
Added Member To Class: ClassName=Sensorboard Member=Component X18 Loch
Added Member To Class: ClassName=Sensorboard Member=Component X19 Loch
Added Member To Class: ClassName=Sensorboard Member=Component X20 Loch
Added Member To Class: ClassName=Sensorboard Member=Component X21 Loch
Added Member To Class: ClassName=Sensorboard Member=Component X22 Loch
