Change Component Footprint: Designator=R1 Old Footprint=0402 New Footprint=Shunt
Change Component Comment : Designator=C3 Old Comment=Cap Semi New Comment=1uF
Change Component Comment : Designator=C5 Old Comment=Cap Semi New Comment=1uF
Change Component Comment : Designator=C1 Old Comment=Cap Semi New Comment=10uF
Change Component Comment : Designator=C2 Old Comment=Cap Semi New Comment=10uF
Change Component Comment : Designator=C4 Old Comment=Cap Semi New Comment=10uF
Change Component Comment : Designator=C6 Old Comment=Cap Semi New Comment=100nF
Change Component Comment : Designator=C7 Old Comment=Cap Semi New Comment=100nF
Change Component Comment : Designator=C8 Old Comment=Cap Semi New Comment=680nF
Change Component Comment : Designator=R5 Old Comment=Res2 New Comment=1.2K
Change Component Comment : Designator=R7 Old Comment=Res2 New Comment=1.18M
Change Component Comment : Designator=R2 Old Comment=Res2 New Comment=1K
Change Component Comment : Designator=R3 Old Comment=Res2 New Comment=1K
Change Component Comment : Designator=R6 Old Comment=Res2 New Comment=1K
Change Component Comment : Designator=R8 Old Comment=Res2 New Comment=10k
Change Component Comment : Designator=R1 Old Comment=Res2 New Comment=151m
Change Component Comment : Designator=R4 Old Comment=Res2 New Comment=316K
Change Component Description : Designator=X1 Old Description= New Description=Connector
Change Component Description : Designator=X2 Old Description= New Description=Connector
Change Component Description : Designator=X3 Old Description= New Description=Connector
Change Component Description : Designator=X4 Old Description= New Description=Connector
Change Component Description : Designator=D3 Old Description= New Description=Diode
Change Component Description : Designator=X5 Old Description= New Description=PAD
Change Component Description : Designator=C1 Old Description=Capacitor (Semiconductor SIM Model) New Description=Capacitor
Change Component Description : Designator=C2 Old Description=Capacitor (Semiconductor SIM Model) New Description=Capacitor
Change Component Description : Designator=C3 Old Description=Capacitor (Semiconductor SIM Model) New Description=Capacitor
Change Component Description : Designator=C4 Old Description=Capacitor (Semiconductor SIM Model) New Description=Capacitor
Change Component Description : Designator=C5 Old Description=Capacitor (Semiconductor SIM Model) New Description=Capacitor
Change Component Description : Designator=C6 Old Description=Capacitor (Semiconductor SIM Model) New Description=Capacitor
Change Component Description : Designator=C7 Old Description=Capacitor (Semiconductor SIM Model) New Description=Capacitor
Change Component Description : Designator=C8 Old Description=Capacitor (Semiconductor SIM Model) New Description=Capacitor
Change Component Description : Designator=U1 Old Description=Power Tracking 2 A Battery Charger for Solar Power, 12-pin SOP (MSE-12-EDP), -40 to 125 degC, Pb-Free New Description=Battery Charger for Solar Power
