Removed Pin From Net: NetName=NetC?_1 Pin=C?-1
Removed Pin From Net: NetName=NetC?_1 Pin=U?-11
Change Component Designator: OldDesignator=C? NewDesignator=C1
Change Component Designator: OldDesignator=C? NewDesignator=C2
Change Component Designator: OldDesignator=C? NewDesignator=C3
Change Component Designator: OldDesignator=C? NewDesignator=C4
Change Component Designator: OldDesignator=D? NewDesignator=D1
Change Component Designator: OldDesignator=D? NewDesignator=D2
Change Component Designator: OldDesignator=D? NewDesignator=D3
Change Component Designator: OldDesignator=L? NewDesignator=L1
Change Component Designator: OldDesignator=R? NewDesignator=R1
Change Component Designator: OldDesignator=R? NewDesignator=R2
Change Component Designator: OldDesignator=R? NewDesignator=R3
Change Component Designator: OldDesignator=R? NewDesignator=R4
Change Component Designator: OldDesignator=R? NewDesignator=R5
Change Component Designator: OldDesignator=U? NewDesignator=U1
Change Component Designator: OldDesignator=X? NewDesignator=X1
Change Component Designator: OldDesignator=X? NewDesignator=X2
Change Component Designator: OldDesignator=X? NewDesignator=X3
Added Pin To Net: NetName=NetC?_1 Pin=C1-2
Added Pin To Net: NetName=NetC?_1 Pin=D1-2
Added Pin To Net: NetName=NetC?_1 Pin=R1-2
Added Pin To Net: NetName=NetC?_1 Pin=U1-1
Added Pin To Net: NetName=NetC?_1 Pin=U1-3
Added Pin To Net: NetName=NetC?_1 Pin=X2-1
Change Net Name : Old Net Name=NetC?_1 New Net Name=NetC1_2
Change Net Name : Old Net Name=NetC?_2 New Net Name=NetC2_2
Change Net Name : Old Net Name=NetL?_2 New Net Name=NetL1_2
Change Net Name : Old Net Name=NetR?_1 New Net Name=NetR1_1
Added Pin To Net: NetName=NetC2_1 Pin=C2-1
Added Pin To Net: NetName=NetC2_1 Pin=U1-11
Added Net: Name=NetC2_1
Added Pin To Net: NetName=NetC3_2 Pin=C3-2
Added Pin To Net: NetName=NetC3_2 Pin=D3-1
Added Pin To Net: NetName=NetC3_2 Pin=R2-1
Added Pin To Net: NetName=NetC3_2 Pin=R4-2
Added Pin To Net: NetName=NetC3_2 Pin=U1-9
Added Pin To Net: NetName=NetC3_2 Pin=X3-1
Added Net: Name=NetC3_2
Added Pin To Net: NetName=NetC4_2 Pin=C4-2
Added Pin To Net: NetName=NetC4_2 Pin=U1-6
Added Net: Name=NetC4_2
Added Pin To Net: NetName=NetR4_1 Pin=R4-1
Added Pin To Net: NetName=NetR4_1 Pin=R5-2
Added Pin To Net: NetName=NetR4_1 Pin=U1-7
Added Net: Name=NetR4_1
Added Member To Class: ClassName=power_supply Member=Component C1 Cap Semi
Added Member To Class: ClassName=power_supply Member=Component C2 Cap Semi
Added Member To Class: ClassName=power_supply Member=Component C3 Cap Semi
Added Member To Class: ClassName=power_supply Member=Component D2 D Schottky
Added Member To Class: ClassName=power_supply Member=Component D3 D Schottky
Added Member To Class: ClassName=power_supply Member=Component R1 Res2
Added Member To Class: ClassName=power_supply Member=Component R2 Res2
Added Member To Class: ClassName=power_supply Member=Component R3 Res2
Added Member To Class: ClassName=power_supply Member=Component R4 Res2
Added Member To Class: ClassName=power_supply Member=Component R5 Res2
Added Member To Class: ClassName=power_supply Member=Component X1 SolarConnector
Added Member To Class: ClassName=power_supply Member=Component X3 BatteryConnector
