Added Component: Designator=C?(C1206)
Added Component: Designator=C?(C1206)
Added Component: Designator=C?(C1206)
Added Component: Designator=C?(C1206)
Added Component: Designator=D?(SMB)
Added Component: Designator=D?(SMB)
Added Component: Designator=D?(SMB)
Added Component: Designator=L?(0402-A)
Added Component: Designator=R?(AXIAL-0.4)
Added Component: Designator=R?(AXIAL-0.4)
Added Component: Designator=R?(AXIAL-0.4)
Added Component: Designator=R?(AXIAL-0.4)
Added Component: Designator=U?(LT-MSE-12-EDP_N)
Added Pin To Net: NetName=GND Pin=C?-1
Added Pin To Net: NetName=GND Pin=C?-1
Added Pin To Net: NetName=GND Pin=C?-1
Added Pin To Net: NetName=GND Pin=D?-1
Added Pin To Net: NetName=GND Pin=R?-1
Added Pin To Net: NetName=GND Pin=R?-1
Added Pin To Net: NetName=GND Pin=U?-13
Added Net: Name=GND
Added Pin To Net: NetName=NetC?_1 Pin=C?-1
Added Pin To Net: NetName=NetC?_1 Pin=D?-2
Added Pin To Net: NetName=NetC?_1 Pin=U?-11
Added Net: Name=NetC?_1
Added Pin To Net: NetName=NetC?_2 Pin=C?-2
Added Pin To Net: NetName=NetC?_2 Pin=D?-2
Added Pin To Net: NetName=NetC?_2 Pin=L?-1
Added Pin To Net: NetName=NetC?_2 Pin=U?-12
Added Net: Name=NetC?_2
Added Pin To Net: NetName=NetL?_2 Pin=L?-2
Added Pin To Net: NetName=NetL?_2 Pin=R?-2
Added Pin To Net: NetName=NetL?_2 Pin=U?-10
Added Net: Name=NetL?_2
Added Pin To Net: NetName=NetR?_1 Pin=R?-1
Added Pin To Net: NetName=NetR?_1 Pin=R?-2
Added Pin To Net: NetName=NetR?_1 Pin=U?-7
Added Net: Name=NetR?_1
Added Pin To Net: NetName=VIN Pin=D?-1
Added Net: Name=VIN
Added Class: Name=power_supply
